<?xml version="1.0" encoding="UTF-8"?>
<!-- Generated by org.testng.reporters.JUnitReportReporter -->
<testsuite skipped="0" hostname="Surya" name="qaclickacademy.AppiumTest" tests="2" failures="0" timestamp="2019-10-22T22:59:05 CDT" time="0.010" errors="0">
  <testcase name="IOSApps" time="0.010" classname="qaclickacademy.AppiumTest"/>
  <testcase name="NativeAppAndroid" time="0.000" classname="qaclickacademy.AppiumTest"/>
</testsuite> <!-- qaclickacademy.AppiumTest -->
